The system is: Linux - 4.19.75-v7+ - armv7l
Compiling the C compiler identification source file "CMakeCCompilerId.c" succeeded.
Compiler: /usr/bin/cc 
Build flags: 
Id flags:  

The output was:
0


Compilation of the C compiler identification source "CMakeCCompilerId.c" produced "a.out"

The C compiler identification is GNU, found in "/home/pi/Documents/aws-iot/CMakeFiles/3.13.4/CompilerIdC/a.out"

Compiling the CXX compiler identification source file "CMakeCXXCompilerId.cpp" succeeded.
Compiler: /usr/bin/c++ 
Build flags: -march=armv7-a
Id flags:  

The output was:
0


Compilation of the CXX compiler identification source "CMakeCXXCompilerId.cpp" produced "a.out"

The CXX compiler identification is GNU, found in "/home/pi/Documents/aws-iot/CMakeFiles/3.13.4/CompilerIdCXX/a.out"

Determining if the C compiler works passed with the following output:
Change Dir: /home/pi/Documents/aws-iot/CMakeFiles/CMakeTmp

Run Build Command:"/usr/bin/make" "cmTC_da03d/fast"
/usr/bin/make -f CMakeFiles/cmTC_da03d.dir/build.make CMakeFiles/cmTC_da03d.dir/build
make[1]: Entering directory '/home/pi/Documents/aws-iot/CMakeFiles/CMakeTmp'
Building C object CMakeFiles/cmTC_da03d.dir/testCCompiler.c.o
/usr/bin/cc    -o CMakeFiles/cmTC_da03d.dir/testCCompiler.c.o   -c /home/pi/Documents/aws-iot/CMakeFiles/CMakeTmp/testCCompiler.c
Linking C executable cmTC_da03d
/usr/bin/cmake -E cmake_link_script CMakeFiles/cmTC_da03d.dir/link.txt --verbose=1
/usr/bin/cc      -rdynamic CMakeFiles/cmTC_da03d.dir/testCCompiler.c.o  -o cmTC_da03d 
make[1]: Leaving directory '/home/pi/Documents/aws-iot/CMakeFiles/CMakeTmp'


Detecting C compiler ABI info compiled with the following output:
Change Dir: /home/pi/Documents/aws-iot/CMakeFiles/CMakeTmp

Run Build Command:"/usr/bin/make" "cmTC_8d412/fast"
/usr/bin/make -f CMakeFiles/cmTC_8d412.dir/build.make CMakeFiles/cmTC_8d412.dir/build
make[1]: Entering directory '/home/pi/Documents/aws-iot/CMakeFiles/CMakeTmp'
Building C object CMakeFiles/cmTC_8d412.dir/CMakeCCompilerABI.c.o
/usr/bin/cc    -o CMakeFiles/cmTC_8d412.dir/CMakeCCompilerABI.c.o   -c /usr/share/cmake-3.13/Modules/CMakeCCompilerABI.c
Linking C executable cmTC_8d412
/usr/bin/cmake -E cmake_link_script CMakeFiles/cmTC_8d412.dir/link.txt --verbose=1
/usr/bin/cc     -v -rdynamic CMakeFiles/cmTC_8d412.dir/CMakeCCompilerABI.c.o  -o cmTC_8d412 
Using built-in specs.
COLLECT_GCC=/usr/bin/cc
COLLECT_LTO_WRAPPER=/usr/lib/gcc/arm-linux-gnueabihf/8/lto-wrapper
Target: arm-linux-gnueabihf
Configured with: ../src/configure -v --with-pkgversion='Raspbian 8.3.0-6+rpi1' --with-bugurl=file:///usr/share/doc/gcc-8/README.Bugs --enable-languages=c,ada,c++,go,d,fortran,objc,obj-c++ --prefix=/usr --with-gcc-major-version-only --program-suffix=-8 --program-prefix=arm-linux-gnueabihf- --enable-shared --enable-linker-build-id --libexecdir=/usr/lib --without-included-gettext --enable-threads=posix --libdir=/usr/lib --enable-nls --enable-bootstrap --enable-clocale=gnu --enable-libstdcxx-debug --enable-libstdcxx-time=yes --with-default-libstdcxx-abi=new --enable-gnu-unique-object --disable-libitm --disable-libquadmath --disable-libquadmath-support --enable-plugin --with-system-zlib --with-target-system-zlib --enable-objc-gc=auto --enable-multiarch --disable-sjlj-exceptions --with-arch=armv6 --with-fpu=vfp --with-float=hard --disable-werror --enable-checking=release --build=arm-linux-gnueabihf --host=arm-linux-gnueabihf --target=arm-linux-gnueabihf
Thread model: posix
gcc version 8.3.0 (Raspbian 8.3.0-6+rpi1) 
COMPILER_PATH=/usr/lib/gcc/arm-linux-gnueabihf/8/:/usr/lib/gcc/arm-linux-gnueabihf/8/:/usr/lib/gcc/arm-linux-gnueabihf/:/usr/lib/gcc/arm-linux-gnueabihf/8/:/usr/lib/gcc/arm-linux-gnueabihf/
LIBRARY_PATH=/usr/lib/gcc/arm-linux-gnueabihf/8/:/usr/lib/gcc/arm-linux-gnueabihf/8/../../../arm-linux-gnueabihf/:/usr/lib/gcc/arm-linux-gnueabihf/8/../../../:/lib/arm-linux-gnueabihf/:/lib/:/usr/lib/arm-linux-gnueabihf/:/usr/lib/
COLLECT_GCC_OPTIONS='-v' '-rdynamic' '-o' 'cmTC_8d412'  '-mfloat-abi=hard' '-mfpu=vfp' '-mtls-dialect=gnu' '-marm' '-march=armv6+fp'
 /usr/lib/gcc/arm-linux-gnueabihf/8/collect2 -plugin /usr/lib/gcc/arm-linux-gnueabihf/8/liblto_plugin.so -plugin-opt=/usr/lib/gcc/arm-linux-gnueabihf/8/lto-wrapper -plugin-opt=-fresolution=/tmp/cck9o7me.res -plugin-opt=-pass-through=-lgcc -plugin-opt=-pass-through=-lgcc_s -plugin-opt=-pass-through=-lc -plugin-opt=-pass-through=-lgcc -plugin-opt=-pass-through=-lgcc_s --build-id --eh-frame-hdr -export-dynamic -dynamic-linker /lib/ld-linux-armhf.so.3 -X --hash-style=gnu -m armelf_linux_eabi -o cmTC_8d412 /usr/lib/gcc/arm-linux-gnueabihf/8/../../../arm-linux-gnueabihf/crt1.o /usr/lib/gcc/arm-linux-gnueabihf/8/../../../arm-linux-gnueabihf/crti.o /usr/lib/gcc/arm-linux-gnueabihf/8/crtbegin.o -L/usr/lib/gcc/arm-linux-gnueabihf/8 -L/usr/lib/gcc/arm-linux-gnueabihf/8/../../../arm-linux-gnueabihf -L/usr/lib/gcc/arm-linux-gnueabihf/8/../../.. -L/lib/arm-linux-gnueabihf -L/usr/lib/arm-linux-gnueabihf CMakeFiles/cmTC_8d412.dir/CMakeCCompilerABI.c.o -lgcc --push-state --as-needed -lgcc_s --pop-state -lc -lgcc --push-state --as-needed -lgcc_s --pop-state /usr/lib/gcc/arm-linux-gnueabihf/8/crtend.o /usr/lib/gcc/arm-linux-gnueabihf/8/../../../arm-linux-gnueabihf/crtn.o
COLLECT_GCC_OPTIONS='-v' '-rdynamic' '-o' 'cmTC_8d412'  '-mfloat-abi=hard' '-mfpu=vfp' '-mtls-dialect=gnu' '-marm' '-march=armv6+fp'
make[1]: Leaving directory '/home/pi/Documents/aws-iot/CMakeFiles/CMakeTmp'


Parsed C implicit link information from above output:
  link line regex: [^( *|.*[/\])(ld|CMAKE_LINK_STARTFILE-NOTFOUND|([^/\]+-)?ld|collect2)[^/\]*( |$)]
  ignore line: [Change Dir: /home/pi/Documents/aws-iot/CMakeFiles/CMakeTmp]
  ignore line: []
  ignore line: [Run Build Command:"/usr/bin/make" "cmTC_8d412/fast"]
  ignore line: [/usr/bin/make -f CMakeFiles/cmTC_8d412.dir/build.make CMakeFiles/cmTC_8d412.dir/build]
  ignore line: [make[1]: Entering directory '/home/pi/Documents/aws-iot/CMakeFiles/CMakeTmp']
  ignore line: [Building C object CMakeFiles/cmTC_8d412.dir/CMakeCCompilerABI.c.o]
  ignore line: [/usr/bin/cc    -o CMakeFiles/cmTC_8d412.dir/CMakeCCompilerABI.c.o   -c /usr/share/cmake-3.13/Modules/CMakeCCompilerABI.c]
  ignore line: [Linking C executable cmTC_8d412]
  ignore line: [/usr/bin/cmake -E cmake_link_script CMakeFiles/cmTC_8d412.dir/link.txt --verbose=1]
  ignore line: [/usr/bin/cc     -v -rdynamic CMakeFiles/cmTC_8d412.dir/CMakeCCompilerABI.c.o  -o cmTC_8d412 ]
  ignore line: [Using built-in specs.]
  ignore line: [COLLECT_GCC=/usr/bin/cc]
  ignore line: [COLLECT_LTO_WRAPPER=/usr/lib/gcc/arm-linux-gnueabihf/8/lto-wrapper]
  ignore line: [Target: arm-linux-gnueabihf]
  ignore line: [Configured with: ../src/configure -v --with-pkgversion='Raspbian 8.3.0-6+rpi1' --with-bugurl=file:///usr/share/doc/gcc-8/README.Bugs --enable-languages=c,ada,c++,go,d,fortran,objc,obj-c++ --prefix=/usr --with-gcc-major-version-only --program-suffix=-8 --program-prefix=arm-linux-gnueabihf- --enable-shared --enable-linker-build-id --libexecdir=/usr/lib --without-included-gettext --enable-threads=posix --libdir=/usr/lib --enable-nls --enable-bootstrap --enable-clocale=gnu --enable-libstdcxx-debug --enable-libstdcxx-time=yes --with-default-libstdcxx-abi=new --enable-gnu-unique-object --disable-libitm --disable-libquadmath --disable-libquadmath-support --enable-plugin --with-system-zlib --with-target-system-zlib --enable-objc-gc=auto --enable-multiarch --disable-sjlj-exceptions --with-arch=armv6 --with-fpu=vfp --with-float=hard --disable-werror --enable-checking=release --build=arm-linux-gnueabihf --host=arm-linux-gnueabihf --target=arm-linux-gnueabihf]
  ignore line: [Thread model: posix]
  ignore line: [gcc version 8.3.0 (Raspbian 8.3.0-6+rpi1) ]
  ignore line: [COMPILER_PATH=/usr/lib/gcc/arm-linux-gnueabihf/8/:/usr/lib/gcc/arm-linux-gnueabihf/8/:/usr/lib/gcc/arm-linux-gnueabihf/:/usr/lib/gcc/arm-linux-gnueabihf/8/:/usr/lib/gcc/arm-linux-gnueabihf/]
  ignore line: [LIBRARY_PATH=/usr/lib/gcc/arm-linux-gnueabihf/8/:/usr/lib/gcc/arm-linux-gnueabihf/8/../../../arm-linux-gnueabihf/:/usr/lib/gcc/arm-linux-gnueabihf/8/../../../:/lib/arm-linux-gnueabihf/:/lib/:/usr/lib/arm-linux-gnueabihf/:/usr/lib/]
  ignore line: [COLLECT_GCC_OPTIONS='-v' '-rdynamic' '-o' 'cmTC_8d412'  '-mfloat-abi=hard' '-mfpu=vfp' '-mtls-dialect=gnu' '-marm' '-march=armv6+fp']
  link line: [ /usr/lib/gcc/arm-linux-gnueabihf/8/collect2 -plugin /usr/lib/gcc/arm-linux-gnueabihf/8/liblto_plugin.so -plugin-opt=/usr/lib/gcc/arm-linux-gnueabihf/8/lto-wrapper -plugin-opt=-fresolution=/tmp/cck9o7me.res -plugin-opt=-pass-through=-lgcc -plugin-opt=-pass-through=-lgcc_s -plugin-opt=-pass-through=-lc -plugin-opt=-pass-through=-lgcc -plugin-opt=-pass-through=-lgcc_s --build-id --eh-frame-hdr -export-dynamic -dynamic-linker /lib/ld-linux-armhf.so.3 -X --hash-style=gnu -m armelf_linux_eabi -o cmTC_8d412 /usr/lib/gcc/arm-linux-gnueabihf/8/../../../arm-linux-gnueabihf/crt1.o /usr/lib/gcc/arm-linux-gnueabihf/8/../../../arm-linux-gnueabihf/crti.o /usr/lib/gcc/arm-linux-gnueabihf/8/crtbegin.o -L/usr/lib/gcc/arm-linux-gnueabihf/8 -L/usr/lib/gcc/arm-linux-gnueabihf/8/../../../arm-linux-gnueabihf -L/usr/lib/gcc/arm-linux-gnueabihf/8/../../.. -L/lib/arm-linux-gnueabihf -L/usr/lib/arm-linux-gnueabihf CMakeFiles/cmTC_8d412.dir/CMakeCCompilerABI.c.o -lgcc --push-state --as-needed -lgcc_s --pop-state -lc -lgcc --push-state --as-needed -lgcc_s --pop-state /usr/lib/gcc/arm-linux-gnueabihf/8/crtend.o /usr/lib/gcc/arm-linux-gnueabihf/8/../../../arm-linux-gnueabihf/crtn.o]
    arg [/usr/lib/gcc/arm-linux-gnueabihf/8/collect2] ==> ignore
    arg [-plugin] ==> ignore
    arg [/usr/lib/gcc/arm-linux-gnueabihf/8/liblto_plugin.so] ==> ignore
    arg [-plugin-opt=/usr/lib/gcc/arm-linux-gnueabihf/8/lto-wrapper] ==> ignore
    arg [-plugin-opt=-fresolution=/tmp/cck9o7me.res] ==> ignore
    arg [-plugin-opt=-pass-through=-lgcc] ==> ignore
    arg [-plugin-opt=-pass-through=-lgcc_s] ==> ignore
    arg [-plugin-opt=-pass-through=-lc] ==> ignore
    arg [-plugin-opt=-pass-through=-lgcc] ==> ignore
    arg [-plugin-opt=-pass-through=-lgcc_s] ==> ignore
    arg [--build-id] ==> ignore
    arg [--eh-frame-hdr] ==> ignore
    arg [-export-dynamic] ==> ignore
    arg [-dynamic-linker] ==> ignore
    arg [/lib/ld-linux-armhf.so.3] ==> ignore
    arg [-X] ==> ignore
    arg [--hash-style=gnu] ==> ignore
    arg [-m] ==> ignore
    arg [armelf_linux_eabi] ==> ignore
    arg [-o] ==> ignore
    arg [cmTC_8d412] ==> ignore
    arg [/usr/lib/gcc/arm-linux-gnueabihf/8/../../../arm-linux-gnueabihf/crt1.o] ==> ignore
    arg [/usr/lib/gcc/arm-linux-gnueabihf/8/../../../arm-linux-gnueabihf/crti.o] ==> ignore
    arg [/usr/lib/gcc/arm-linux-gnueabihf/8/crtbegin.o] ==> ignore
    arg [-L/usr/lib/gcc/arm-linux-gnueabihf/8] ==> dir [/usr/lib/gcc/arm-linux-gnueabihf/8]
    arg [-L/usr/lib/gcc/arm-linux-gnueabihf/8/../../../arm-linux-gnueabihf] ==> dir [/usr/lib/gcc/arm-linux-gnueabihf/8/../../../arm-linux-gnueabihf]
    arg [-L/usr/lib/gcc/arm-linux-gnueabihf/8/../../..] ==> dir [/usr/lib/gcc/arm-linux-gnueabihf/8/../../..]
    arg [-L/lib/arm-linux-gnueabihf] ==> dir [/lib/arm-linux-gnueabihf]
    arg [-L/usr/lib/arm-linux-gnueabihf] ==> dir [/usr/lib/arm-linux-gnueabihf]
    arg [CMakeFiles/cmTC_8d412.dir/CMakeCCompilerABI.c.o] ==> ignore
    arg [-lgcc] ==> lib [gcc]
    arg [--push-state] ==> ignore
    arg [--as-needed] ==> ignore
    arg [-lgcc_s] ==> lib [gcc_s]
    arg [--pop-state] ==> ignore
    arg [-lc] ==> lib [c]
    arg [-lgcc] ==> lib [gcc]
    arg [--push-state] ==> ignore
    arg [--as-needed] ==> ignore
    arg [-lgcc_s] ==> lib [gcc_s]
    arg [--pop-state] ==> ignore
    arg [/usr/lib/gcc/arm-linux-gnueabihf/8/crtend.o] ==> ignore
    arg [/usr/lib/gcc/arm-linux-gnueabihf/8/../../../arm-linux-gnueabihf/crtn.o] ==> ignore
  collapse library dir [/usr/lib/gcc/arm-linux-gnueabihf/8] ==> [/usr/lib/gcc/arm-linux-gnueabihf/8]
  collapse library dir [/usr/lib/gcc/arm-linux-gnueabihf/8/../../../arm-linux-gnueabihf] ==> [/usr/lib/arm-linux-gnueabihf]
  collapse library dir [/usr/lib/gcc/arm-linux-gnueabihf/8/../../..] ==> [/usr/lib]
  collapse library dir [/lib/arm-linux-gnueabihf] ==> [/lib/arm-linux-gnueabihf]
  collapse library dir [/usr/lib/arm-linux-gnueabihf] ==> [/usr/lib/arm-linux-gnueabihf]
  implicit libs: [gcc;gcc_s;c;gcc;gcc_s]
  implicit dirs: [/usr/lib/gcc/arm-linux-gnueabihf/8;/usr/lib/arm-linux-gnueabihf;/usr/lib;/lib/arm-linux-gnueabihf]
  implicit fwks: []




Detecting C [-std=c11] compiler features compiled with the following output:
Change Dir: /home/pi/Documents/aws-iot/CMakeFiles/CMakeTmp

Run Build Command:"/usr/bin/make" "cmTC_9b326/fast"
/usr/bin/make -f CMakeFiles/cmTC_9b326.dir/build.make CMakeFiles/cmTC_9b326.dir/build
make[1]: Entering directory '/home/pi/Documents/aws-iot/CMakeFiles/CMakeTmp'
Building C object CMakeFiles/cmTC_9b326.dir/feature_tests.c.o
/usr/bin/cc   -std=c11 -o CMakeFiles/cmTC_9b326.dir/feature_tests.c.o   -c /home/pi/Documents/aws-iot/CMakeFiles/feature_tests.c
Linking C executable cmTC_9b326
/usr/bin/cmake -E cmake_link_script CMakeFiles/cmTC_9b326.dir/link.txt --verbose=1
/usr/bin/cc      -rdynamic CMakeFiles/cmTC_9b326.dir/feature_tests.c.o  -o cmTC_9b326 
make[1]: Leaving directory '/home/pi/Documents/aws-iot/CMakeFiles/CMakeTmp'


    Feature record: C_FEATURE:1c_function_prototypes
    Feature record: C_FEATURE:1c_restrict
    Feature record: C_FEATURE:1c_static_assert
    Feature record: C_FEATURE:1c_variadic_macros


Detecting C [-std=c99] compiler features compiled with the following output:
Change Dir: /home/pi/Documents/aws-iot/CMakeFiles/CMakeTmp

Run Build Command:"/usr/bin/make" "cmTC_d8dad/fast"
/usr/bin/make -f CMakeFiles/cmTC_d8dad.dir/build.make CMakeFiles/cmTC_d8dad.dir/build
make[1]: Entering directory '/home/pi/Documents/aws-iot/CMakeFiles/CMakeTmp'
Building C object CMakeFiles/cmTC_d8dad.dir/feature_tests.c.o
/usr/bin/cc   -std=c99 -o CMakeFiles/cmTC_d8dad.dir/feature_tests.c.o   -c /home/pi/Documents/aws-iot/CMakeFiles/feature_tests.c
Linking C executable cmTC_d8dad
/usr/bin/cmake -E cmake_link_script CMakeFiles/cmTC_d8dad.dir/link.txt --verbose=1
/usr/bin/cc      -rdynamic CMakeFiles/cmTC_d8dad.dir/feature_tests.c.o  -o cmTC_d8dad 
make[1]: Leaving directory '/home/pi/Documents/aws-iot/CMakeFiles/CMakeTmp'


    Feature record: C_FEATURE:1c_function_prototypes
    Feature record: C_FEATURE:1c_restrict
    Feature record: C_FEATURE:0c_static_assert
    Feature record: C_FEATURE:1c_variadic_macros


Detecting C [-std=c90] compiler features compiled with the following output:
Change Dir: /home/pi/Documents/aws-iot/CMakeFiles/CMakeTmp

Run Build Command:"/usr/bin/make" "cmTC_2a092/fast"
/usr/bin/make -f CMakeFiles/cmTC_2a092.dir/build.make CMakeFiles/cmTC_2a092.dir/build
make[1]: Entering directory '/home/pi/Documents/aws-iot/CMakeFiles/CMakeTmp'
Building C object CMakeFiles/cmTC_2a092.dir/feature_tests.c.o
/usr/bin/cc   -std=c90 -o CMakeFiles/cmTC_2a092.dir/feature_tests.c.o   -c /home/pi/Documents/aws-iot/CMakeFiles/feature_tests.c
Linking C executable cmTC_2a092
/usr/bin/cmake -E cmake_link_script CMakeFiles/cmTC_2a092.dir/link.txt --verbose=1
/usr/bin/cc      -rdynamic CMakeFiles/cmTC_2a092.dir/feature_tests.c.o  -o cmTC_2a092 
make[1]: Leaving directory '/home/pi/Documents/aws-iot/CMakeFiles/CMakeTmp'


    Feature record: C_FEATURE:1c_function_prototypes
    Feature record: C_FEATURE:0c_restrict
    Feature record: C_FEATURE:0c_static_assert
    Feature record: C_FEATURE:0c_variadic_macros
Determining if the CXX compiler works passed with the following output:
Change Dir: /home/pi/Documents/aws-iot/CMakeFiles/CMakeTmp

Run Build Command:"/usr/bin/make" "cmTC_9163e/fast"
/usr/bin/make -f CMakeFiles/cmTC_9163e.dir/build.make CMakeFiles/cmTC_9163e.dir/build
make[1]: Entering directory '/home/pi/Documents/aws-iot/CMakeFiles/CMakeTmp'
Building CXX object CMakeFiles/cmTC_9163e.dir/testCXXCompiler.cxx.o
/usr/bin/c++    -march=armv7-a    -o CMakeFiles/cmTC_9163e.dir/testCXXCompiler.cxx.o -c /home/pi/Documents/aws-iot/CMakeFiles/CMakeTmp/testCXXCompiler.cxx
Linking CXX executable cmTC_9163e
/usr/bin/cmake -E cmake_link_script CMakeFiles/cmTC_9163e.dir/link.txt --verbose=1
/usr/bin/c++  -march=armv7-a     -rdynamic CMakeFiles/cmTC_9163e.dir/testCXXCompiler.cxx.o  -o cmTC_9163e 
make[1]: Leaving directory '/home/pi/Documents/aws-iot/CMakeFiles/CMakeTmp'


Detecting CXX compiler ABI info compiled with the following output:
Change Dir: /home/pi/Documents/aws-iot/CMakeFiles/CMakeTmp

Run Build Command:"/usr/bin/make" "cmTC_344b1/fast"
/usr/bin/make -f CMakeFiles/cmTC_344b1.dir/build.make CMakeFiles/cmTC_344b1.dir/build
make[1]: Entering directory '/home/pi/Documents/aws-iot/CMakeFiles/CMakeTmp'
Building CXX object CMakeFiles/cmTC_344b1.dir/CMakeCXXCompilerABI.cpp.o
/usr/bin/c++    -march=armv7-a    -o CMakeFiles/cmTC_344b1.dir/CMakeCXXCompilerABI.cpp.o -c /usr/share/cmake-3.13/Modules/CMakeCXXCompilerABI.cpp
Linking CXX executable cmTC_344b1
/usr/bin/cmake -E cmake_link_script CMakeFiles/cmTC_344b1.dir/link.txt --verbose=1
/usr/bin/c++  -march=armv7-a    -v -rdynamic CMakeFiles/cmTC_344b1.dir/CMakeCXXCompilerABI.cpp.o  -o cmTC_344b1 
Using built-in specs.
COLLECT_GCC=/usr/bin/c++
COLLECT_LTO_WRAPPER=/usr/lib/gcc/arm-linux-gnueabihf/8/lto-wrapper
Target: arm-linux-gnueabihf
Configured with: ../src/configure -v --with-pkgversion='Raspbian 8.3.0-6+rpi1' --with-bugurl=file:///usr/share/doc/gcc-8/README.Bugs --enable-languages=c,ada,c++,go,d,fortran,objc,obj-c++ --prefix=/usr --with-gcc-major-version-only --program-suffix=-8 --program-prefix=arm-linux-gnueabihf- --enable-shared --enable-linker-build-id --libexecdir=/usr/lib --without-included-gettext --enable-threads=posix --libdir=/usr/lib --enable-nls --enable-bootstrap --enable-clocale=gnu --enable-libstdcxx-debug --enable-libstdcxx-time=yes --with-default-libstdcxx-abi=new --enable-gnu-unique-object --disable-libitm --disable-libquadmath --disable-libquadmath-support --enable-plugin --with-system-zlib --with-target-system-zlib --enable-objc-gc=auto --enable-multiarch --disable-sjlj-exceptions --with-arch=armv6 --with-fpu=vfp --with-float=hard --disable-werror --enable-checking=release --build=arm-linux-gnueabihf --host=arm-linux-gnueabihf --target=arm-linux-gnueabihf
Thread model: posix
gcc version 8.3.0 (Raspbian 8.3.0-6+rpi1) 
COMPILER_PATH=/usr/lib/gcc/arm-linux-gnueabihf/8/:/usr/lib/gcc/arm-linux-gnueabihf/8/:/usr/lib/gcc/arm-linux-gnueabihf/:/usr/lib/gcc/arm-linux-gnueabihf/8/:/usr/lib/gcc/arm-linux-gnueabihf/
LIBRARY_PATH=/usr/lib/gcc/arm-linux-gnueabihf/8/:/usr/lib/gcc/arm-linux-gnueabihf/8/../../../arm-linux-gnueabihf/:/usr/lib/gcc/arm-linux-gnueabihf/8/../../../:/lib/arm-linux-gnueabihf/:/lib/:/usr/lib/arm-linux-gnueabihf/:/usr/lib/
COLLECT_GCC_OPTIONS= '-v' '-rdynamic' '-o' 'cmTC_344b1' '-shared-libgcc' '-mfloat-abi=hard' '-mfpu=vfp' '-mtls-dialect=gnu' '-marm' '-march=armv7-a+fp'
 /usr/lib/gcc/arm-linux-gnueabihf/8/collect2 -plugin /usr/lib/gcc/arm-linux-gnueabihf/8/liblto_plugin.so -plugin-opt=/usr/lib/gcc/arm-linux-gnueabihf/8/lto-wrapper -plugin-opt=-fresolution=/tmp/ccoWjuOe.res -plugin-opt=-pass-through=-lgcc_s -plugin-opt=-pass-through=-lgcc -plugin-opt=-pass-through=-lc -plugin-opt=-pass-through=-lgcc_s -plugin-opt=-pass-through=-lgcc --build-id --eh-frame-hdr -export-dynamic -dynamic-linker /lib/ld-linux-armhf.so.3 -X --hash-style=gnu -m armelf_linux_eabi -o cmTC_344b1 /usr/lib/gcc/arm-linux-gnueabihf/8/../../../arm-linux-gnueabihf/crt1.o /usr/lib/gcc/arm-linux-gnueabihf/8/../../../arm-linux-gnueabihf/crti.o /usr/lib/gcc/arm-linux-gnueabihf/8/crtbegin.o -L/usr/lib/gcc/arm-linux-gnueabihf/8 -L/usr/lib/gcc/arm-linux-gnueabihf/8/../../../arm-linux-gnueabihf -L/usr/lib/gcc/arm-linux-gnueabihf/8/../../.. -L/lib/arm-linux-gnueabihf -L/usr/lib/arm-linux-gnueabihf CMakeFiles/cmTC_344b1.dir/CMakeCXXCompilerABI.cpp.o -lstdc++ -lm -lgcc_s -lgcc -lc -lgcc_s -lgcc /usr/lib/gcc/arm-linux-gnueabihf/8/crtend.o /usr/lib/gcc/arm-linux-gnueabihf/8/../../../arm-linux-gnueabihf/crtn.o
COLLECT_GCC_OPTIONS= '-v' '-rdynamic' '-o' 'cmTC_344b1' '-shared-libgcc' '-mfloat-abi=hard' '-mfpu=vfp' '-mtls-dialect=gnu' '-marm' '-march=armv7-a+fp'
make[1]: Leaving directory '/home/pi/Documents/aws-iot/CMakeFiles/CMakeTmp'


Parsed CXX implicit link information from above output:
  link line regex: [^( *|.*[/\])(ld|CMAKE_LINK_STARTFILE-NOTFOUND|([^/\]+-)?ld|collect2)[^/\]*( |$)]
  ignore line: [Change Dir: /home/pi/Documents/aws-iot/CMakeFiles/CMakeTmp]
  ignore line: []
  ignore line: [Run Build Command:"/usr/bin/make" "cmTC_344b1/fast"]
  ignore line: [/usr/bin/make -f CMakeFiles/cmTC_344b1.dir/build.make CMakeFiles/cmTC_344b1.dir/build]
  ignore line: [make[1]: Entering directory '/home/pi/Documents/aws-iot/CMakeFiles/CMakeTmp']
  ignore line: [Building CXX object CMakeFiles/cmTC_344b1.dir/CMakeCXXCompilerABI.cpp.o]
  ignore line: [/usr/bin/c++    -march=armv7-a    -o CMakeFiles/cmTC_344b1.dir/CMakeCXXCompilerABI.cpp.o -c /usr/share/cmake-3.13/Modules/CMakeCXXCompilerABI.cpp]
  ignore line: [Linking CXX executable cmTC_344b1]
  ignore line: [/usr/bin/cmake -E cmake_link_script CMakeFiles/cmTC_344b1.dir/link.txt --verbose=1]
  ignore line: [/usr/bin/c++  -march=armv7-a    -v -rdynamic CMakeFiles/cmTC_344b1.dir/CMakeCXXCompilerABI.cpp.o  -o cmTC_344b1 ]
  ignore line: [Using built-in specs.]
  ignore line: [COLLECT_GCC=/usr/bin/c++]
  ignore line: [COLLECT_LTO_WRAPPER=/usr/lib/gcc/arm-linux-gnueabihf/8/lto-wrapper]
  ignore line: [Target: arm-linux-gnueabihf]
  ignore line: [Configured with: ../src/configure -v --with-pkgversion='Raspbian 8.3.0-6+rpi1' --with-bugurl=file:///usr/share/doc/gcc-8/README.Bugs --enable-languages=c,ada,c++,go,d,fortran,objc,obj-c++ --prefix=/usr --with-gcc-major-version-only --program-suffix=-8 --program-prefix=arm-linux-gnueabihf- --enable-shared --enable-linker-build-id --libexecdir=/usr/lib --without-included-gettext --enable-threads=posix --libdir=/usr/lib --enable-nls --enable-bootstrap --enable-clocale=gnu --enable-libstdcxx-debug --enable-libstdcxx-time=yes --with-default-libstdcxx-abi=new --enable-gnu-unique-object --disable-libitm --disable-libquadmath --disable-libquadmath-support --enable-plugin --with-system-zlib --with-target-system-zlib --enable-objc-gc=auto --enable-multiarch --disable-sjlj-exceptions --with-arch=armv6 --with-fpu=vfp --with-float=hard --disable-werror --enable-checking=release --build=arm-linux-gnueabihf --host=arm-linux-gnueabihf --target=arm-linux-gnueabihf]
  ignore line: [Thread model: posix]
  ignore line: [gcc version 8.3.0 (Raspbian 8.3.0-6+rpi1) ]
  ignore line: [COMPILER_PATH=/usr/lib/gcc/arm-linux-gnueabihf/8/:/usr/lib/gcc/arm-linux-gnueabihf/8/:/usr/lib/gcc/arm-linux-gnueabihf/:/usr/lib/gcc/arm-linux-gnueabihf/8/:/usr/lib/gcc/arm-linux-gnueabihf/]
  ignore line: [LIBRARY_PATH=/usr/lib/gcc/arm-linux-gnueabihf/8/:/usr/lib/gcc/arm-linux-gnueabihf/8/../../../arm-linux-gnueabihf/:/usr/lib/gcc/arm-linux-gnueabihf/8/../../../:/lib/arm-linux-gnueabihf/:/lib/:/usr/lib/arm-linux-gnueabihf/:/usr/lib/]
  ignore line: [COLLECT_GCC_OPTIONS= '-v' '-rdynamic' '-o' 'cmTC_344b1' '-shared-libgcc' '-mfloat-abi=hard' '-mfpu=vfp' '-mtls-dialect=gnu' '-marm' '-march=armv7-a+fp']
  link line: [ /usr/lib/gcc/arm-linux-gnueabihf/8/collect2 -plugin /usr/lib/gcc/arm-linux-gnueabihf/8/liblto_plugin.so -plugin-opt=/usr/lib/gcc/arm-linux-gnueabihf/8/lto-wrapper -plugin-opt=-fresolution=/tmp/ccoWjuOe.res -plugin-opt=-pass-through=-lgcc_s -plugin-opt=-pass-through=-lgcc -plugin-opt=-pass-through=-lc -plugin-opt=-pass-through=-lgcc_s -plugin-opt=-pass-through=-lgcc --build-id --eh-frame-hdr -export-dynamic -dynamic-linker /lib/ld-linux-armhf.so.3 -X --hash-style=gnu -m armelf_linux_eabi -o cmTC_344b1 /usr/lib/gcc/arm-linux-gnueabihf/8/../../../arm-linux-gnueabihf/crt1.o /usr/lib/gcc/arm-linux-gnueabihf/8/../../../arm-linux-gnueabihf/crti.o /usr/lib/gcc/arm-linux-gnueabihf/8/crtbegin.o -L/usr/lib/gcc/arm-linux-gnueabihf/8 -L/usr/lib/gcc/arm-linux-gnueabihf/8/../../../arm-linux-gnueabihf -L/usr/lib/gcc/arm-linux-gnueabihf/8/../../.. -L/lib/arm-linux-gnueabihf -L/usr/lib/arm-linux-gnueabihf CMakeFiles/cmTC_344b1.dir/CMakeCXXCompilerABI.cpp.o -lstdc++ -lm -lgcc_s -lgcc -lc -lgcc_s -lgcc /usr/lib/gcc/arm-linux-gnueabihf/8/crtend.o /usr/lib/gcc/arm-linux-gnueabihf/8/../../../arm-linux-gnueabihf/crtn.o]
    arg [/usr/lib/gcc/arm-linux-gnueabihf/8/collect2] ==> ignore
    arg [-plugin] ==> ignore
    arg [/usr/lib/gcc/arm-linux-gnueabihf/8/liblto_plugin.so] ==> ignore
    arg [-plugin-opt=/usr/lib/gcc/arm-linux-gnueabihf/8/lto-wrapper] ==> ignore
    arg [-plugin-opt=-fresolution=/tmp/ccoWjuOe.res] ==> ignore
    arg [-plugin-opt=-pass-through=-lgcc_s] ==> ignore
    arg [-plugin-opt=-pass-through=-lgcc] ==> ignore
    arg [-plugin-opt=-pass-through=-lc] ==> ignore
    arg [-plugin-opt=-pass-through=-lgcc_s] ==> ignore
    arg [-plugin-opt=-pass-through=-lgcc] ==> ignore
    arg [--build-id] ==> ignore
    arg [--eh-frame-hdr] ==> ignore
    arg [-export-dynamic] ==> ignore
    arg [-dynamic-linker] ==> ignore
    arg [/lib/ld-linux-armhf.so.3] ==> ignore
    arg [-X] ==> ignore
    arg [--hash-style=gnu] ==> ignore
    arg [-m] ==> ignore
    arg [armelf_linux_eabi] ==> ignore
    arg [-o] ==> ignore
    arg [cmTC_344b1] ==> ignore
    arg [/usr/lib/gcc/arm-linux-gnueabihf/8/../../../arm-linux-gnueabihf/crt1.o] ==> ignore
    arg [/usr/lib/gcc/arm-linux-gnueabihf/8/../../../arm-linux-gnueabihf/crti.o] ==> ignore
    arg [/usr/lib/gcc/arm-linux-gnueabihf/8/crtbegin.o] ==> ignore
    arg [-L/usr/lib/gcc/arm-linux-gnueabihf/8] ==> dir [/usr/lib/gcc/arm-linux-gnueabihf/8]
    arg [-L/usr/lib/gcc/arm-linux-gnueabihf/8/../../../arm-linux-gnueabihf] ==> dir [/usr/lib/gcc/arm-linux-gnueabihf/8/../../../arm-linux-gnueabihf]
    arg [-L/usr/lib/gcc/arm-linux-gnueabihf/8/../../..] ==> dir [/usr/lib/gcc/arm-linux-gnueabihf/8/../../..]
    arg [-L/lib/arm-linux-gnueabihf] ==> dir [/lib/arm-linux-gnueabihf]
    arg [-L/usr/lib/arm-linux-gnueabihf] ==> dir [/usr/lib/arm-linux-gnueabihf]
    arg [CMakeFiles/cmTC_344b1.dir/CMakeCXXCompilerABI.cpp.o] ==> ignore
    arg [-lstdc++] ==> lib [stdc++]
    arg [-lm] ==> lib [m]
    arg [-lgcc_s] ==> lib [gcc_s]
    arg [-lgcc] ==> lib [gcc]
    arg [-lc] ==> lib [c]
    arg [-lgcc_s] ==> lib [gcc_s]
    arg [-lgcc] ==> lib [gcc]
    arg [/usr/lib/gcc/arm-linux-gnueabihf/8/crtend.o] ==> ignore
    arg [/usr/lib/gcc/arm-linux-gnueabihf/8/../../../arm-linux-gnueabihf/crtn.o] ==> ignore
  collapse library dir [/usr/lib/gcc/arm-linux-gnueabihf/8] ==> [/usr/lib/gcc/arm-linux-gnueabihf/8]
  collapse library dir [/usr/lib/gcc/arm-linux-gnueabihf/8/../../../arm-linux-gnueabihf] ==> [/usr/lib/arm-linux-gnueabihf]
  collapse library dir [/usr/lib/gcc/arm-linux-gnueabihf/8/../../..] ==> [/usr/lib]
  collapse library dir [/lib/arm-linux-gnueabihf] ==> [/lib/arm-linux-gnueabihf]
  collapse library dir [/usr/lib/arm-linux-gnueabihf] ==> [/usr/lib/arm-linux-gnueabihf]
  implicit libs: [stdc++;m;gcc_s;gcc;c;gcc_s;gcc]
  implicit dirs: [/usr/lib/gcc/arm-linux-gnueabihf/8;/usr/lib/arm-linux-gnueabihf;/usr/lib;/lib/arm-linux-gnueabihf]
  implicit fwks: []




Detecting CXX [-std=c++2a] compiler features compiled with the following output:
Change Dir: /home/pi/Documents/aws-iot/CMakeFiles/CMakeTmp

Run Build Command:"/usr/bin/make" "cmTC_21bc0/fast"
/usr/bin/make -f CMakeFiles/cmTC_21bc0.dir/build.make CMakeFiles/cmTC_21bc0.dir/build
make[1]: Entering directory '/home/pi/Documents/aws-iot/CMakeFiles/CMakeTmp'
Building CXX object CMakeFiles/cmTC_21bc0.dir/feature_tests.cxx.o
/usr/bin/c++    -march=armv7-a    -std=c++2a -o CMakeFiles/cmTC_21bc0.dir/feature_tests.cxx.o -c /home/pi/Documents/aws-iot/CMakeFiles/feature_tests.cxx
Linking CXX executable cmTC_21bc0
/usr/bin/cmake -E cmake_link_script CMakeFiles/cmTC_21bc0.dir/link.txt --verbose=1
/usr/bin/c++  -march=armv7-a     -rdynamic CMakeFiles/cmTC_21bc0.dir/feature_tests.cxx.o  -o cmTC_21bc0 
make[1]: Leaving directory '/home/pi/Documents/aws-iot/CMakeFiles/CMakeTmp'


    Feature record: CXX_FEATURE:1cxx_aggregate_default_initializers
    Feature record: CXX_FEATURE:1cxx_alias_templates
    Feature record: CXX_FEATURE:1cxx_alignas
    Feature record: CXX_FEATURE:1cxx_alignof
    Feature record: CXX_FEATURE:1cxx_attributes
    Feature record: CXX_FEATURE:1cxx_attribute_deprecated
    Feature record: CXX_FEATURE:1cxx_auto_type
    Feature record: CXX_FEATURE:1cxx_binary_literals
    Feature record: CXX_FEATURE:1cxx_constexpr
    Feature record: CXX_FEATURE:1cxx_contextual_conversions
    Feature record: CXX_FEATURE:1cxx_decltype
    Feature record: CXX_FEATURE:1cxx_decltype_auto
    Feature record: CXX_FEATURE:1cxx_decltype_incomplete_return_types
    Feature record: CXX_FEATURE:1cxx_default_function_template_args
    Feature record: CXX_FEATURE:1cxx_defaulted_functions
    Feature record: CXX_FEATURE:1cxx_defaulted_move_initializers
    Feature record: CXX_FEATURE:1cxx_delegating_constructors
    Feature record: CXX_FEATURE:1cxx_deleted_functions
    Feature record: CXX_FEATURE:1cxx_digit_separators
    Feature record: CXX_FEATURE:1cxx_enum_forward_declarations
    Feature record: CXX_FEATURE:1cxx_explicit_conversions
    Feature record: CXX_FEATURE:1cxx_extended_friend_declarations
    Feature record: CXX_FEATURE:1cxx_extern_templates
    Feature record: CXX_FEATURE:1cxx_final
    Feature record: CXX_FEATURE:1cxx_func_identifier
    Feature record: CXX_FEATURE:1cxx_generalized_initializers
    Feature record: CXX_FEATURE:1cxx_generic_lambdas
    Feature record: CXX_FEATURE:1cxx_inheriting_constructors
    Feature record: CXX_FEATURE:1cxx_inline_namespaces
    Feature record: CXX_FEATURE:1cxx_lambdas
    Feature record: CXX_FEATURE:1cxx_lambda_init_captures
    Feature record: CXX_FEATURE:1cxx_local_type_template_args
    Feature record: CXX_FEATURE:1cxx_long_long_type
    Feature record: CXX_FEATURE:1cxx_noexcept
    Feature record: CXX_FEATURE:1cxx_nonstatic_member_init
    Feature record: CXX_FEATURE:1cxx_nullptr
    Feature record: CXX_FEATURE:1cxx_override
    Feature record: CXX_FEATURE:1cxx_range_for
    Feature record: CXX_FEATURE:1cxx_raw_string_literals
    Feature record: CXX_FEATURE:1cxx_reference_qualified_functions
    Feature record: CXX_FEATURE:1cxx_relaxed_constexpr
    Feature record: CXX_FEATURE:1cxx_return_type_deduction
    Feature record: CXX_FEATURE:1cxx_right_angle_brackets
    Feature record: CXX_FEATURE:1cxx_rvalue_references
    Feature record: CXX_FEATURE:1cxx_sizeof_member
    Feature record: CXX_FEATURE:1cxx_static_assert
    Feature record: CXX_FEATURE:1cxx_strong_enums
    Feature record: CXX_FEATURE:1cxx_template_template_parameters
    Feature record: CXX_FEATURE:1cxx_thread_local
    Feature record: CXX_FEATURE:1cxx_trailing_return_types
    Feature record: CXX_FEATURE:1cxx_unicode_literals
    Feature record: CXX_FEATURE:1cxx_uniform_initialization
    Feature record: CXX_FEATURE:1cxx_unrestricted_unions
    Feature record: CXX_FEATURE:1cxx_user_literals
    Feature record: CXX_FEATURE:1cxx_variable_templates
    Feature record: CXX_FEATURE:1cxx_variadic_macros
    Feature record: CXX_FEATURE:1cxx_variadic_templates


Detecting CXX [-std=c++17] compiler features compiled with the following output:
Change Dir: /home/pi/Documents/aws-iot/CMakeFiles/CMakeTmp

Run Build Command:"/usr/bin/make" "cmTC_4462b/fast"
/usr/bin/make -f CMakeFiles/cmTC_4462b.dir/build.make CMakeFiles/cmTC_4462b.dir/build
make[1]: Entering directory '/home/pi/Documents/aws-iot/CMakeFiles/CMakeTmp'
Building CXX object CMakeFiles/cmTC_4462b.dir/feature_tests.cxx.o
/usr/bin/c++    -march=armv7-a    -std=c++17 -o CMakeFiles/cmTC_4462b.dir/feature_tests.cxx.o -c /home/pi/Documents/aws-iot/CMakeFiles/feature_tests.cxx
Linking CXX executable cmTC_4462b
/usr/bin/cmake -E cmake_link_script CMakeFiles/cmTC_4462b.dir/link.txt --verbose=1
/usr/bin/c++  -march=armv7-a     -rdynamic CMakeFiles/cmTC_4462b.dir/feature_tests.cxx.o  -o cmTC_4462b 
make[1]: Leaving directory '/home/pi/Documents/aws-iot/CMakeFiles/CMakeTmp'


    Feature record: CXX_FEATURE:1cxx_aggregate_default_initializers
    Feature record: CXX_FEATURE:1cxx_alias_templates
    Feature record: CXX_FEATURE:1cxx_alignas
    Feature record: CXX_FEATURE:1cxx_alignof
    Feature record: CXX_FEATURE:1cxx_attributes
    Feature record: CXX_FEATURE:1cxx_attribute_deprecated
    Feature record: CXX_FEATURE:1cxx_auto_type
    Feature record: CXX_FEATURE:1cxx_binary_literals
    Feature record: CXX_FEATURE:1cxx_constexpr
    Feature record: CXX_FEATURE:1cxx_contextual_conversions
    Feature record: CXX_FEATURE:1cxx_decltype
    Feature record: CXX_FEATURE:1cxx_decltype_auto
    Feature record: CXX_FEATURE:1cxx_decltype_incomplete_return_types
    Feature record: CXX_FEATURE:1cxx_default_function_template_args
    Feature record: CXX_FEATURE:1cxx_defaulted_functions
    Feature record: CXX_FEATURE:1cxx_defaulted_move_initializers
    Feature record: CXX_FEATURE:1cxx_delegating_constructors
    Feature record: CXX_FEATURE:1cxx_deleted_functions
    Feature record: CXX_FEATURE:1cxx_digit_separators
    Feature record: CXX_FEATURE:1cxx_enum_forward_declarations
    Feature record: CXX_FEATURE:1cxx_explicit_conversions
    Feature record: CXX_FEATURE:1cxx_extended_friend_declarations
    Feature record: CXX_FEATURE:1cxx_extern_templates
    Feature record: CXX_FEATURE:1cxx_final
    Feature record: CXX_FEATURE:1cxx_func_identifier
    Feature record: CXX_FEATURE:1cxx_generalized_initializers
    Feature record: CXX_FEATURE:1cxx_generic_lambdas
    Feature record: CXX_FEATURE:1cxx_inheriting_constructors
    Feature record: CXX_FEATURE:1cxx_inline_namespaces
    Feature record: CXX_FEATURE:1cxx_lambdas
    Feature record: CXX_FEATURE:1cxx_lambda_init_captures
    Feature record: CXX_FEATURE:1cxx_local_type_template_args
    Feature record: CXX_FEATURE:1cxx_long_long_type
    Feature record: CXX_FEATURE:1cxx_noexcept
    Feature record: CXX_FEATURE:1cxx_nonstatic_member_init
    Feature record: CXX_FEATURE:1cxx_nullptr
    Feature record: CXX_FEATURE:1cxx_override
    Feature record: CXX_FEATURE:1cxx_range_for
    Feature record: CXX_FEATURE:1cxx_raw_string_literals
    Feature record: CXX_FEATURE:1cxx_reference_qualified_functions
    Feature record: CXX_FEATURE:1cxx_relaxed_constexpr
    Feature record: CXX_FEATURE:1cxx_return_type_deduction
    Feature record: CXX_FEATURE:1cxx_right_angle_brackets
    Feature record: CXX_FEATURE:1cxx_rvalue_references
    Feature record: CXX_FEATURE:1cxx_sizeof_member
    Feature record: CXX_FEATURE:1cxx_static_assert
    Feature record: CXX_FEATURE:1cxx_strong_enums
    Feature record: CXX_FEATURE:1cxx_template_template_parameters
    Feature record: CXX_FEATURE:1cxx_thread_local
    Feature record: CXX_FEATURE:1cxx_trailing_return_types
    Feature record: CXX_FEATURE:1cxx_unicode_literals
    Feature record: CXX_FEATURE:1cxx_uniform_initialization
    Feature record: CXX_FEATURE:1cxx_unrestricted_unions
    Feature record: CXX_FEATURE:1cxx_user_literals
    Feature record: CXX_FEATURE:1cxx_variable_templates
    Feature record: CXX_FEATURE:1cxx_variadic_macros
    Feature record: CXX_FEATURE:1cxx_variadic_templates


Detecting CXX [-std=c++14] compiler features compiled with the following output:
Change Dir: /home/pi/Documents/aws-iot/CMakeFiles/CMakeTmp

Run Build Command:"/usr/bin/make" "cmTC_d8c83/fast"
/usr/bin/make -f CMakeFiles/cmTC_d8c83.dir/build.make CMakeFiles/cmTC_d8c83.dir/build
make[1]: Entering directory '/home/pi/Documents/aws-iot/CMakeFiles/CMakeTmp'
Building CXX object CMakeFiles/cmTC_d8c83.dir/feature_tests.cxx.o
/usr/bin/c++    -march=armv7-a    -std=c++14 -o CMakeFiles/cmTC_d8c83.dir/feature_tests.cxx.o -c /home/pi/Documents/aws-iot/CMakeFiles/feature_tests.cxx
Linking CXX executable cmTC_d8c83
/usr/bin/cmake -E cmake_link_script CMakeFiles/cmTC_d8c83.dir/link.txt --verbose=1
/usr/bin/c++  -march=armv7-a     -rdynamic CMakeFiles/cmTC_d8c83.dir/feature_tests.cxx.o  -o cmTC_d8c83 
make[1]: Leaving directory '/home/pi/Documents/aws-iot/CMakeFiles/CMakeTmp'


    Feature record: CXX_FEATURE:1cxx_aggregate_default_initializers
    Feature record: CXX_FEATURE:1cxx_alias_templates
    Feature record: CXX_FEATURE:1cxx_alignas
    Feature record: CXX_FEATURE:1cxx_alignof
    Feature record: CXX_FEATURE:1cxx_attributes
    Feature record: CXX_FEATURE:1cxx_attribute_deprecated
    Feature record: CXX_FEATURE:1cxx_auto_type
    Feature record: CXX_FEATURE:1cxx_binary_literals
    Feature record: CXX_FEATURE:1cxx_constexpr
    Feature record: CXX_FEATURE:1cxx_contextual_conversions
    Feature record: CXX_FEATURE:1cxx_decltype
    Feature record: CXX_FEATURE:1cxx_decltype_auto
    Feature record: CXX_FEATURE:1cxx_decltype_incomplete_return_types
    Feature record: CXX_FEATURE:1cxx_default_function_template_args
    Feature record: CXX_FEATURE:1cxx_defaulted_functions
    Feature record: CXX_FEATURE:1cxx_defaulted_move_initializers
    Feature record: CXX_FEATURE:1cxx_delegating_constructors
    Feature record: CXX_FEATURE:1cxx_deleted_functions
    Feature record: CXX_FEATURE:1cxx_digit_separators
    Feature record: CXX_FEATURE:1cxx_enum_forward_declarations
    Feature record: CXX_FEATURE:1cxx_explicit_conversions
    Feature record: CXX_FEATURE:1cxx_extended_friend_declarations
    Feature record: CXX_FEATURE:1cxx_extern_templates
    Feature record: CXX_FEATURE:1cxx_final
    Feature record: CXX_FEATURE:1cxx_func_identifier
    Feature record: CXX_FEATURE:1cxx_generalized_initializers
    Feature record: CXX_FEATURE:1cxx_generic_lambdas
    Feature record: CXX_FEATURE:1cxx_inheriting_constructors
    Feature record: CXX_FEATURE:1cxx_inline_namespaces
    Feature record: CXX_FEATURE:1cxx_lambdas
    Feature record: CXX_FEATURE:1cxx_lambda_init_captures
    Feature record: CXX_FEATURE:1cxx_local_type_template_args
    Feature record: CXX_FEATURE:1cxx_long_long_type
    Feature record: CXX_FEATURE:1cxx_noexcept
    Feature record: CXX_FEATURE:1cxx_nonstatic_member_init
    Feature record: CXX_FEATURE:1cxx_nullptr
    Feature record: CXX_FEATURE:1cxx_override
    Feature record: CXX_FEATURE:1cxx_range_for
    Feature record: CXX_FEATURE:1cxx_raw_string_literals
    Feature record: CXX_FEATURE:1cxx_reference_qualified_functions
    Feature record: CXX_FEATURE:1cxx_relaxed_constexpr
    Feature record: CXX_FEATURE:1cxx_return_type_deduction
    Feature record: CXX_FEATURE:1cxx_right_angle_brackets
    Feature record: CXX_FEATURE:1cxx_rvalue_references
    Feature record: CXX_FEATURE:1cxx_sizeof_member
    Feature record: CXX_FEATURE:1cxx_static_assert
    Feature record: CXX_FEATURE:1cxx_strong_enums
    Feature record: CXX_FEATURE:1cxx_template_template_parameters
    Feature record: CXX_FEATURE:1cxx_thread_local
    Feature record: CXX_FEATURE:1cxx_trailing_return_types
    Feature record: CXX_FEATURE:1cxx_unicode_literals
    Feature record: CXX_FEATURE:1cxx_uniform_initialization
    Feature record: CXX_FEATURE:1cxx_unrestricted_unions
    Feature record: CXX_FEATURE:1cxx_user_literals
    Feature record: CXX_FEATURE:1cxx_variable_templates
    Feature record: CXX_FEATURE:1cxx_variadic_macros
    Feature record: CXX_FEATURE:1cxx_variadic_templates


Detecting CXX [-std=c++11] compiler features compiled with the following output:
Change Dir: /home/pi/Documents/aws-iot/CMakeFiles/CMakeTmp

Run Build Command:"/usr/bin/make" "cmTC_2420f/fast"
/usr/bin/make -f CMakeFiles/cmTC_2420f.dir/build.make CMakeFiles/cmTC_2420f.dir/build
make[1]: Entering directory '/home/pi/Documents/aws-iot/CMakeFiles/CMakeTmp'
Building CXX object CMakeFiles/cmTC_2420f.dir/feature_tests.cxx.o
/usr/bin/c++    -march=armv7-a    -std=c++11 -o CMakeFiles/cmTC_2420f.dir/feature_tests.cxx.o -c /home/pi/Documents/aws-iot/CMakeFiles/feature_tests.cxx
Linking CXX executable cmTC_2420f
/usr/bin/cmake -E cmake_link_script CMakeFiles/cmTC_2420f.dir/link.txt --verbose=1
/usr/bin/c++  -march=armv7-a     -rdynamic CMakeFiles/cmTC_2420f.dir/feature_tests.cxx.o  -o cmTC_2420f 
make[1]: Leaving directory '/home/pi/Documents/aws-iot/CMakeFiles/CMakeTmp'


    Feature record: CXX_FEATURE:0cxx_aggregate_default_initializers
    Feature record: CXX_FEATURE:1cxx_alias_templates
    Feature record: CXX_FEATURE:1cxx_alignas
    Feature record: CXX_FEATURE:1cxx_alignof
    Feature record: CXX_FEATURE:1cxx_attributes
    Feature record: CXX_FEATURE:0cxx_attribute_deprecated
    Feature record: CXX_FEATURE:1cxx_auto_type
    Feature record: CXX_FEATURE:0cxx_binary_literals
    Feature record: CXX_FEATURE:1cxx_constexpr
    Feature record: CXX_FEATURE:0cxx_contextual_conversions
    Feature record: CXX_FEATURE:1cxx_decltype
    Feature record: CXX_FEATURE:0cxx_decltype_auto
    Feature record: CXX_FEATURE:1cxx_decltype_incomplete_return_types
    Feature record: CXX_FEATURE:1cxx_default_function_template_args
    Feature record: CXX_FEATURE:1cxx_defaulted_functions
    Feature record: CXX_FEATURE:1cxx_defaulted_move_initializers
    Feature record: CXX_FEATURE:1cxx_delegating_constructors
    Feature record: CXX_FEATURE:1cxx_deleted_functions
    Feature record: CXX_FEATURE:0cxx_digit_separators
    Feature record: CXX_FEATURE:1cxx_enum_forward_declarations
    Feature record: CXX_FEATURE:1cxx_explicit_conversions
    Feature record: CXX_FEATURE:1cxx_extended_friend_declarations
    Feature record: CXX_FEATURE:1cxx_extern_templates
    Feature record: CXX_FEATURE:1cxx_final
    Feature record: CXX_FEATURE:1cxx_func_identifier
    Feature record: CXX_FEATURE:1cxx_generalized_initializers
    Feature record: CXX_FEATURE:0cxx_generic_lambdas
    Feature record: CXX_FEATURE:1cxx_inheriting_constructors
    Feature record: CXX_FEATURE:1cxx_inline_namespaces
    Feature record: CXX_FEATURE:1cxx_lambdas
    Feature record: CXX_FEATURE:0cxx_lambda_init_captures
    Feature record: CXX_FEATURE:1cxx_local_type_template_args
    Feature record: CXX_FEATURE:1cxx_long_long_type
    Feature record: CXX_FEATURE:1cxx_noexcept
    Feature record: CXX_FEATURE:1cxx_nonstatic_member_init
    Feature record: CXX_FEATURE:1cxx_nullptr
    Feature record: CXX_FEATURE:1cxx_override
    Feature record: CXX_FEATURE:1cxx_range_for
    Feature record: CXX_FEATURE:1cxx_raw_string_literals
    Feature record: CXX_FEATURE:1cxx_reference_qualified_functions
    Feature record: CXX_FEATURE:0cxx_relaxed_constexpr
    Feature record: CXX_FEATURE:0cxx_return_type_deduction
    Feature record: CXX_FEATURE:1cxx_right_angle_brackets
    Feature record: CXX_FEATURE:1cxx_rvalue_references
    Feature record: CXX_FEATURE:1cxx_sizeof_member
    Feature record: CXX_FEATURE:1cxx_static_assert
    Feature record: CXX_FEATURE:1cxx_strong_enums
    Feature record: CXX_FEATURE:1cxx_template_template_parameters
    Feature record: CXX_FEATURE:1cxx_thread_local
    Feature record: CXX_FEATURE:1cxx_trailing_return_types
    Feature record: CXX_FEATURE:1cxx_unicode_literals
    Feature record: CXX_FEATURE:1cxx_uniform_initialization
    Feature record: CXX_FEATURE:1cxx_unrestricted_unions
    Feature record: CXX_FEATURE:1cxx_user_literals
    Feature record: CXX_FEATURE:0cxx_variable_templates
    Feature record: CXX_FEATURE:1cxx_variadic_macros
    Feature record: CXX_FEATURE:1cxx_variadic_templates


Detecting CXX [-std=c++98] compiler features compiled with the following output:
Change Dir: /home/pi/Documents/aws-iot/CMakeFiles/CMakeTmp

Run Build Command:"/usr/bin/make" "cmTC_37884/fast"
/usr/bin/make -f CMakeFiles/cmTC_37884.dir/build.make CMakeFiles/cmTC_37884.dir/build
make[1]: Entering directory '/home/pi/Documents/aws-iot/CMakeFiles/CMakeTmp'
Building CXX object CMakeFiles/cmTC_37884.dir/feature_tests.cxx.o
/usr/bin/c++    -march=armv7-a    -std=c++98 -o CMakeFiles/cmTC_37884.dir/feature_tests.cxx.o -c /home/pi/Documents/aws-iot/CMakeFiles/feature_tests.cxx
Linking CXX executable cmTC_37884
/usr/bin/cmake -E cmake_link_script CMakeFiles/cmTC_37884.dir/link.txt --verbose=1
/usr/bin/c++  -march=armv7-a     -rdynamic CMakeFiles/cmTC_37884.dir/feature_tests.cxx.o  -o cmTC_37884 
make[1]: Leaving directory '/home/pi/Documents/aws-iot/CMakeFiles/CMakeTmp'


    Feature record: CXX_FEATURE:0cxx_aggregate_default_initializers
    Feature record: CXX_FEATURE:0cxx_alias_templates
    Feature record: CXX_FEATURE:0cxx_alignas
    Feature record: CXX_FEATURE:0cxx_alignof
    Feature record: CXX_FEATURE:0cxx_attributes
    Feature record: CXX_FEATURE:0cxx_attribute_deprecated
    Feature record: CXX_FEATURE:0cxx_auto_type
    Feature record: CXX_FEATURE:0cxx_binary_literals
    Feature record: CXX_FEATURE:0cxx_constexpr
    Feature record: CXX_FEATURE:0cxx_contextual_conversions
    Feature record: CXX_FEATURE:0cxx_decltype
    Feature record: CXX_FEATURE:0cxx_decltype_auto
    Feature record: CXX_FEATURE:0cxx_decltype_incomplete_return_types
    Feature record: CXX_FEATURE:0cxx_default_function_template_args
    Feature record: CXX_FEATURE:0cxx_defaulted_functions
    Feature record: CXX_FEATURE:0cxx_defaulted_move_initializers
    Feature record: CXX_FEATURE:0cxx_delegating_constructors
    Feature record: CXX_FEATURE:0cxx_deleted_functions
    Feature record: CXX_FEATURE:0cxx_digit_separators
    Feature record: CXX_FEATURE:0cxx_enum_forward_declarations
    Feature record: CXX_FEATURE:0cxx_explicit_conversions
    Feature record: CXX_FEATURE:0cxx_extended_friend_declarations
    Feature record: CXX_FEATURE:0cxx_extern_templates
    Feature record: CXX_FEATURE:0cxx_final
    Feature record: CXX_FEATURE:0cxx_func_identifier
    Feature record: CXX_FEATURE:0cxx_generalized_initializers
    Feature record: CXX_FEATURE:0cxx_generic_lambdas
    Feature record: CXX_FEATURE:0cxx_inheriting_constructors
    Feature record: CXX_FEATURE:0cxx_inline_namespaces
    Feature record: CXX_FEATURE:0cxx_lambdas
    Feature record: CXX_FEATURE:0cxx_lambda_init_captures
    Feature record: CXX_FEATURE:0cxx_local_type_template_args
    Feature record: CXX_FEATURE:0cxx_long_long_type
    Feature record: CXX_FEATURE:0cxx_noexcept
    Feature record: CXX_FEATURE:0cxx_nonstatic_member_init
    Feature record: CXX_FEATURE:0cxx_nullptr
    Feature record: CXX_FEATURE:0cxx_override
    Feature record: CXX_FEATURE:0cxx_range_for
    Feature record: CXX_FEATURE:0cxx_raw_string_literals
    Feature record: CXX_FEATURE:0cxx_reference_qualified_functions
    Feature record: CXX_FEATURE:0cxx_relaxed_constexpr
    Feature record: CXX_FEATURE:0cxx_return_type_deduction
    Feature record: CXX_FEATURE:0cxx_right_angle_brackets
    Feature record: CXX_FEATURE:0cxx_rvalue_references
    Feature record: CXX_FEATURE:0cxx_sizeof_member
    Feature record: CXX_FEATURE:0cxx_static_assert
    Feature record: CXX_FEATURE:0cxx_strong_enums
    Feature record: CXX_FEATURE:1cxx_template_template_parameters
    Feature record: CXX_FEATURE:0cxx_thread_local
    Feature record: CXX_FEATURE:0cxx_trailing_return_types
    Feature record: CXX_FEATURE:0cxx_unicode_literals
    Feature record: CXX_FEATURE:0cxx_uniform_initialization
    Feature record: CXX_FEATURE:0cxx_unrestricted_unions
    Feature record: CXX_FEATURE:0cxx_user_literals
    Feature record: CXX_FEATURE:0cxx_variable_templates
    Feature record: CXX_FEATURE:0cxx_variadic_macros
    Feature record: CXX_FEATURE:0cxx_variadic_templates
Determining if the include file unistd.h exists passed with the following output:
Change Dir: /home/pi/Documents/aws-iot/CMakeFiles/CMakeTmp

Run Build Command:"/usr/bin/make" "cmTC_42085/fast"
/usr/bin/make -f CMakeFiles/cmTC_42085.dir/build.make CMakeFiles/cmTC_42085.dir/build
make[1]: Entering directory '/home/pi/Documents/aws-iot/CMakeFiles/CMakeTmp'
Building CXX object CMakeFiles/cmTC_42085.dir/CheckIncludeFile.cxx.o
/usr/bin/c++    -std=c++11 -march=armv7-a -Werror -Wuninitialized -Winit-self -Wmaybe-uninitialized    -o CMakeFiles/cmTC_42085.dir/CheckIncludeFile.cxx.o -c /home/pi/Documents/aws-iot/CMakeFiles/CMakeTmp/CheckIncludeFile.cxx
Linking CXX executable cmTC_42085
/usr/bin/cmake -E cmake_link_script CMakeFiles/cmTC_42085.dir/link.txt --verbose=1
/usr/bin/c++  -std=c++11 -march=armv7-a -Werror -Wuninitialized -Winit-self -Wmaybe-uninitialized     -rdynamic CMakeFiles/cmTC_42085.dir/CheckIncludeFile.cxx.o  -o cmTC_42085 
make[1]: Leaving directory '/home/pi/Documents/aws-iot/CMakeFiles/CMakeTmp'


Determining if the include file stdint.h exists passed with the following output:
Change Dir: /home/pi/Documents/aws-iot/CMakeFiles/CMakeTmp

Run Build Command:"/usr/bin/make" "cmTC_1f257/fast"
/usr/bin/make -f CMakeFiles/cmTC_1f257.dir/build.make CMakeFiles/cmTC_1f257.dir/build
make[1]: Entering directory '/home/pi/Documents/aws-iot/CMakeFiles/CMakeTmp'
Building CXX object CMakeFiles/cmTC_1f257.dir/CheckIncludeFile.cxx.o
/usr/bin/c++    -std=c++11 -march=armv7-a -Werror -Wuninitialized -Winit-self -Wmaybe-uninitialized    -o CMakeFiles/cmTC_1f257.dir/CheckIncludeFile.cxx.o -c /home/pi/Documents/aws-iot/CMakeFiles/CMakeTmp/CheckIncludeFile.cxx
Linking CXX executable cmTC_1f257
/usr/bin/cmake -E cmake_link_script CMakeFiles/cmTC_1f257.dir/link.txt --verbose=1
/usr/bin/c++  -std=c++11 -march=armv7-a -Werror -Wuninitialized -Winit-self -Wmaybe-uninitialized     -rdynamic CMakeFiles/cmTC_1f257.dir/CheckIncludeFile.cxx.o  -o cmTC_1f257 
make[1]: Leaving directory '/home/pi/Documents/aws-iot/CMakeFiles/CMakeTmp'


Determining if the include file sys/types.h exists passed with the following output:
Change Dir: /home/pi/Documents/aws-iot/CMakeFiles/CMakeTmp

Run Build Command:"/usr/bin/make" "cmTC_c1cb3/fast"
/usr/bin/make -f CMakeFiles/cmTC_c1cb3.dir/build.make CMakeFiles/cmTC_c1cb3.dir/build
make[1]: Entering directory '/home/pi/Documents/aws-iot/CMakeFiles/CMakeTmp'
Building CXX object CMakeFiles/cmTC_c1cb3.dir/CheckIncludeFile.cxx.o
/usr/bin/c++    -std=c++11 -march=armv7-a -Werror -Wuninitialized -Winit-self -Wmaybe-uninitialized    -o CMakeFiles/cmTC_c1cb3.dir/CheckIncludeFile.cxx.o -c /home/pi/Documents/aws-iot/CMakeFiles/CMakeTmp/CheckIncludeFile.cxx
Linking CXX executable cmTC_c1cb3
/usr/bin/cmake -E cmake_link_script CMakeFiles/cmTC_c1cb3.dir/link.txt --verbose=1
/usr/bin/c++  -std=c++11 -march=armv7-a -Werror -Wuninitialized -Winit-self -Wmaybe-uninitialized     -rdynamic CMakeFiles/cmTC_c1cb3.dir/CheckIncludeFile.cxx.o  -o cmTC_c1cb3 
make[1]: Leaving directory '/home/pi/Documents/aws-iot/CMakeFiles/CMakeTmp'


Determining if the include file fnmatch.h exists passed with the following output:
Change Dir: /home/pi/Documents/aws-iot/CMakeFiles/CMakeTmp

Run Build Command:"/usr/bin/make" "cmTC_24316/fast"
/usr/bin/make -f CMakeFiles/cmTC_24316.dir/build.make CMakeFiles/cmTC_24316.dir/build
make[1]: Entering directory '/home/pi/Documents/aws-iot/CMakeFiles/CMakeTmp'
Building CXX object CMakeFiles/cmTC_24316.dir/CheckIncludeFile.cxx.o
/usr/bin/c++    -std=c++11 -march=armv7-a -Werror -Wuninitialized -Winit-self -Wmaybe-uninitialized    -o CMakeFiles/cmTC_24316.dir/CheckIncludeFile.cxx.o -c /home/pi/Documents/aws-iot/CMakeFiles/CMakeTmp/CheckIncludeFile.cxx
Linking CXX executable cmTC_24316
/usr/bin/cmake -E cmake_link_script CMakeFiles/cmTC_24316.dir/link.txt --verbose=1
/usr/bin/c++  -std=c++11 -march=armv7-a -Werror -Wuninitialized -Winit-self -Wmaybe-uninitialized     -rdynamic CMakeFiles/cmTC_24316.dir/CheckIncludeFile.cxx.o  -o cmTC_24316 
make[1]: Leaving directory '/home/pi/Documents/aws-iot/CMakeFiles/CMakeTmp'


Determining if the include file stddef.h exists passed with the following output:
Change Dir: /home/pi/Documents/aws-iot/CMakeFiles/CMakeTmp

Run Build Command:"/usr/bin/make" "cmTC_82efd/fast"
/usr/bin/make -f CMakeFiles/cmTC_82efd.dir/build.make CMakeFiles/cmTC_82efd.dir/build
make[1]: Entering directory '/home/pi/Documents/aws-iot/CMakeFiles/CMakeTmp'
Building CXX object CMakeFiles/cmTC_82efd.dir/CheckIncludeFile.cxx.o
/usr/bin/c++    -std=c++11 -march=armv7-a -Werror -Wuninitialized -Winit-self -Wmaybe-uninitialized    -o CMakeFiles/cmTC_82efd.dir/CheckIncludeFile.cxx.o -c /home/pi/Documents/aws-iot/CMakeFiles/CMakeTmp/CheckIncludeFile.cxx
Linking CXX executable cmTC_82efd
/usr/bin/cmake -E cmake_link_script CMakeFiles/cmTC_82efd.dir/link.txt --verbose=1
/usr/bin/c++  -std=c++11 -march=armv7-a -Werror -Wuninitialized -Winit-self -Wmaybe-uninitialized     -rdynamic CMakeFiles/cmTC_82efd.dir/CheckIncludeFile.cxx.o  -o cmTC_82efd 
make[1]: Leaving directory '/home/pi/Documents/aws-iot/CMakeFiles/CMakeTmp'


Determining size of uint32_t passed with the following output:
Change Dir: /home/pi/Documents/aws-iot/CMakeFiles/CMakeTmp

Run Build Command:"/usr/bin/make" "cmTC_675d7/fast"
/usr/bin/make -f CMakeFiles/cmTC_675d7.dir/build.make CMakeFiles/cmTC_675d7.dir/build
make[1]: Entering directory '/home/pi/Documents/aws-iot/CMakeFiles/CMakeTmp'
Building CXX object CMakeFiles/cmTC_675d7.dir/uint32_t.cpp.o
/usr/bin/c++    -std=c++11 -march=armv7-a -Werror -Wuninitialized -Winit-self -Wmaybe-uninitialized    -o CMakeFiles/cmTC_675d7.dir/uint32_t.cpp.o -c /home/pi/Documents/aws-iot/CMakeFiles/CheckTypeSize/uint32_t.cpp
Linking CXX executable cmTC_675d7
/usr/bin/cmake -E cmake_link_script CMakeFiles/cmTC_675d7.dir/link.txt --verbose=1
/usr/bin/c++  -std=c++11 -march=armv7-a -Werror -Wuninitialized -Winit-self -Wmaybe-uninitialized     -rdynamic CMakeFiles/cmTC_675d7.dir/uint32_t.cpp.o  -o cmTC_675d7 
make[1]: Leaving directory '/home/pi/Documents/aws-iot/CMakeFiles/CMakeTmp'


Determining if the strtoll exist passed with the following output:
Change Dir: /home/pi/Documents/aws-iot/CMakeFiles/CMakeTmp

Run Build Command:"/usr/bin/make" "cmTC_6f604/fast"
/usr/bin/make -f CMakeFiles/cmTC_6f604.dir/build.make CMakeFiles/cmTC_6f604.dir/build
make[1]: Entering directory '/home/pi/Documents/aws-iot/CMakeFiles/CMakeTmp'
Building CXX object CMakeFiles/cmTC_6f604.dir/CheckSymbolExists.cxx.o
/usr/bin/c++    -std=c++11 -march=armv7-a -Werror -Wuninitialized -Winit-self -Wmaybe-uninitialized    -o CMakeFiles/cmTC_6f604.dir/CheckSymbolExists.cxx.o -c /home/pi/Documents/aws-iot/CMakeFiles/CMakeTmp/CheckSymbolExists.cxx
Linking CXX executable cmTC_6f604
/usr/bin/cmake -E cmake_link_script CMakeFiles/cmTC_6f604.dir/link.txt --verbose=1
/usr/bin/c++  -std=c++11 -march=armv7-a -Werror -Wuninitialized -Winit-self -Wmaybe-uninitialized     -rdynamic CMakeFiles/cmTC_6f604.dir/CheckSymbolExists.cxx.o  -o cmTC_6f604 
make[1]: Leaving directory '/home/pi/Documents/aws-iot/CMakeFiles/CMakeTmp'

File /home/pi/Documents/aws-iot/CMakeFiles/CMakeTmp/CheckSymbolExists.cxx:
/* */
#include <stdlib.h>

int main(int argc, char** argv)
{
  (void)argv;
#ifndef strtoll
  return ((int*)(&strtoll))[argc];
#else
  (void)argc;
  return 0;
#endif
}

Determining if the include file pthread.h exists passed with the following output:
Change Dir: /home/pi/Documents/aws-iot/CMakeFiles/CMakeTmp

Run Build Command:"/usr/bin/make" "cmTC_0da66/fast"
/usr/bin/make -f CMakeFiles/cmTC_0da66.dir/build.make CMakeFiles/cmTC_0da66.dir/build
make[1]: Entering directory '/home/pi/Documents/aws-iot/CMakeFiles/CMakeTmp'
Building C object CMakeFiles/cmTC_0da66.dir/CheckIncludeFile.c.o
/usr/bin/cc   -std=c++11   -o CMakeFiles/cmTC_0da66.dir/CheckIncludeFile.c.o   -c /home/pi/Documents/aws-iot/CMakeFiles/CMakeTmp/CheckIncludeFile.c
cc1: warning: command line option -std=c++11 is valid for C++/ObjC++ but not for C
Linking C executable cmTC_0da66
/usr/bin/cmake -E cmake_link_script CMakeFiles/cmTC_0da66.dir/link.txt --verbose=1
/usr/bin/cc  -std=c++11    -rdynamic CMakeFiles/cmTC_0da66.dir/CheckIncludeFile.c.o  -o cmTC_0da66 
make[1]: Leaving directory '/home/pi/Documents/aws-iot/CMakeFiles/CMakeTmp'


Determining if the function pthread_create exists in the pthread passed with the following output:
Change Dir: /home/pi/Documents/aws-iot/CMakeFiles/CMakeTmp

Run Build Command:"/usr/bin/make" "cmTC_ca37f/fast"
/usr/bin/make -f CMakeFiles/cmTC_ca37f.dir/build.make CMakeFiles/cmTC_ca37f.dir/build
make[1]: Entering directory '/home/pi/Documents/aws-iot/CMakeFiles/CMakeTmp'
Building C object CMakeFiles/cmTC_ca37f.dir/CheckFunctionExists.c.o
/usr/bin/cc   -DCHECK_FUNCTION_EXISTS=pthread_create -std=c++11   -o CMakeFiles/cmTC_ca37f.dir/CheckFunctionExists.c.o   -c /usr/share/cmake-3.13/Modules/CheckFunctionExists.c
cc1: warning: command line option -std=c++11 is valid for C++/ObjC++ but not for C
Linking C executable cmTC_ca37f
/usr/bin/cmake -E cmake_link_script CMakeFiles/cmTC_ca37f.dir/link.txt --verbose=1
/usr/bin/cc  -DCHECK_FUNCTION_EXISTS=pthread_create -std=c++11    -rdynamic CMakeFiles/cmTC_ca37f.dir/CheckFunctionExists.c.o  -o cmTC_ca37f -lpthread 
make[1]: Leaving directory '/home/pi/Documents/aws-iot/CMakeFiles/CMakeTmp'


